timestamp: 2015-01-10T14:13:34.398000
CREATE TABLE auth_user(
    id INTEGER PRIMARY KEY AUTOINCREMENT,
    first_name CHAR(128),
    last_name CHAR(128),
    email CHAR(512),
    password CHAR(512),
    registration_key CHAR(512),
    reset_password_key CHAR(512),
    registration_id CHAR(512)
);
success!
timestamp: 2015-01-10T14:13:34.568000
CREATE TABLE auth_group(
    id INTEGER PRIMARY KEY AUTOINCREMENT,
    role CHAR(512),
    description TEXT
);
success!
timestamp: 2015-01-10T14:13:34.698000
CREATE TABLE auth_membership(
    id INTEGER PRIMARY KEY AUTOINCREMENT,
    user_id INTEGER REFERENCES auth_user (id) ON DELETE CASCADE,
    group_id INTEGER REFERENCES auth_group (id) ON DELETE CASCADE
);
success!
timestamp: 2015-01-10T14:13:34.828000
CREATE TABLE auth_permission(
    id INTEGER PRIMARY KEY AUTOINCREMENT,
    group_id INTEGER REFERENCES auth_group (id) ON DELETE CASCADE,
    name CHAR(512),
    table_name CHAR(512),
    record_id INTEGER
);
success!
timestamp: 2015-01-10T14:13:34.928000
CREATE TABLE auth_event(
    id INTEGER PRIMARY KEY AUTOINCREMENT,
    time_stamp TIMESTAMP,
    client_ip CHAR(512),
    user_id INTEGER REFERENCES auth_user (id) ON DELETE CASCADE,
    origin CHAR(512),
    description TEXT
);
success!
timestamp: 2015-01-10T14:13:35.128000
CREATE TABLE auth_cas(
    id INTEGER PRIMARY KEY AUTOINCREMENT,
    user_id INTEGER REFERENCES auth_user (id) ON DELETE CASCADE,
    created_on TIMESTAMP,
    service CHAR(512),
    ticket CHAR(512),
    renew CHAR(1)
);
success!
timestamp: 2015-01-10T14:18:06.758000
CREATE TABLE categories(
    id INTEGER PRIMARY KEY AUTOINCREMENT,
    name CHAR(512) NOT NULL
);
success!
success!
timestamp: 2015-01-10T14:20:41.995000
CREATE TABLE posts(
    id INTEGER PRIMARY KEY AUTOINCREMENT,
    title CHAR(256) NOT NULL,
    body TEXT NOT NULL,
    image_cover CHAR(512),
    category INTEGER REFERENCES categories (id) ON DELETE SET NULL,
    likes INTEGER,
    is_active CHAR(1),
    created_on TIMESTAMP,
    created_by INTEGER REFERENCES auth_user (id) ON DELETE CASCADE,
    modified_on TIMESTAMP,
    modified_by INTEGER REFERENCES auth_user (id) ON DELETE CASCADE
);
success!
timestamp: 2015-01-10T14:20:42.145000
CREATE TABLE comments(
    id INTEGER PRIMARY KEY AUTOINCREMENT,
    body TEXT NOT NULL,
    post INTEGER REFERENCES posts (id) ON DELETE CASCADE,
    is_active CHAR(1),
    created_on TIMESTAMP,
    created_by INTEGER REFERENCES auth_user (id) ON DELETE CASCADE,
    modified_on TIMESTAMP,
    modified_by INTEGER REFERENCES auth_user (id) ON DELETE CASCADE
);
success!
timestamp: 2015-01-24T22:26:15.844000
ALTER TABLE auth_user ADD username CHAR(128);
timestamp: 2015-01-24T22:26:15.994000
ALTER TABLE auth_user ADD city CHAR(512);
timestamp: 2015-01-24T22:26:16.094000
ALTER TABLE auth_user ADD avater CHAR(512);
success!
success!
success!
success!
success!
success!
success!
