timestamp: 2017-02-24T01:20:01.299498
CREATE TABLE auth_user(
    id INTEGER PRIMARY KEY AUTOINCREMENT,
    first_name CHAR(128),
    last_name CHAR(128),
    email CHAR(512),
    password CHAR(512),
    registration_key CHAR(512),
    reset_password_key CHAR(512),
    registration_id CHAR(512)
);
success!
timestamp: 2017-02-24T01:20:01.406452
CREATE TABLE auth_group(
    id INTEGER PRIMARY KEY AUTOINCREMENT,
    role CHAR(512),
    description TEXT
);
success!
timestamp: 2017-02-24T01:20:01.503157
CREATE TABLE auth_membership(
    id INTEGER PRIMARY KEY AUTOINCREMENT,
    user_id INTEGER REFERENCES auth_user (id) ON DELETE CASCADE  ,
    group_id INTEGER REFERENCES auth_group (id) ON DELETE CASCADE  
);
success!
timestamp: 2017-02-24T01:20:01.592988
CREATE TABLE auth_permission(
    id INTEGER PRIMARY KEY AUTOINCREMENT,
    group_id INTEGER REFERENCES auth_group (id) ON DELETE CASCADE  ,
    name CHAR(512),
    table_name CHAR(512),
    record_id INTEGER
);
success!
timestamp: 2017-02-24T01:20:01.692868
CREATE TABLE auth_event(
    id INTEGER PRIMARY KEY AUTOINCREMENT,
    time_stamp TIMESTAMP,
    client_ip CHAR(512),
    user_id INTEGER REFERENCES auth_user (id) ON DELETE CASCADE  ,
    origin CHAR(512),
    description TEXT
);
success!
timestamp: 2017-02-24T01:20:01.805165
CREATE TABLE auth_cas(
    id INTEGER PRIMARY KEY AUTOINCREMENT,
    user_id INTEGER REFERENCES auth_user (id) ON DELETE CASCADE  ,
    created_on TIMESTAMP,
    service CHAR(512),
    ticket CHAR(512),
    renew CHAR(1)
);
success!
timestamp: 2017-02-24T01:20:01.917488
CREATE TABLE departamento(
    id INTEGER PRIMARY KEY AUTOINCREMENT,
    setor CHAR(512)
);
success!
timestamp: 2017-02-24T01:20:02.026838
CREATE TABLE problemas(
    id INTEGER PRIMARY KEY AUTOINCREMENT,
    problema CHAR(512)
);
success!
timestamp: 2017-02-24T01:20:02.141138
CREATE TABLE plano(
    id INTEGER PRIMARY KEY AUTOINCREMENT,
    depto INTEGER REFERENCES departamento (id) ON DELETE SET NULL  NOT NULL ,
    titulo INTEGER REFERENCES problemas (id) ON DELETE CASCADE  NOT NULL ,
    descricao TEXT NOT NULL,
    plano TEXT NOT NULL,
    acao TEXT NOT NULL,
    solucao TEXT NOT NULL,
    prazo DATE NOT NULL
);
success!
success!
timestamp: 2017-03-02T20:11:01.321801
ALTER TABLE plano ADD modified_by INTEGER REFERENCES auth_user (id) ON DELETE CASCADE  ;
timestamp: 2017-03-02T20:11:01.383359
ALTER TABLE plano ADD is_active CHAR(1);
timestamp: 2017-03-02T20:11:01.515431
ALTER TABLE plano ADD created_by INTEGER REFERENCES auth_user (id) ON DELETE CASCADE  ;
timestamp: 2017-03-02T20:11:01.593284
ALTER TABLE plano ADD created_on TIMESTAMP;
timestamp: 2017-03-02T20:11:01.660667
ALTER TABLE plano ADD modified_on TIMESTAMP;
success!
timestamp: 2017-03-02T20:45:21.670505
ALTER TABLE auth_user ADD username CHAR(128);
timestamp: 2017-03-02T20:45:21.744598
ALTER TABLE auth_user ADD modified_by INTEGER REFERENCES auth_user (id) ON DELETE CASCADE  ;
timestamp: 2017-03-02T20:45:21.832633
ALTER TABLE auth_user ADD is_active CHAR(1);
timestamp: 2017-03-02T20:45:21.899057
ALTER TABLE auth_user ADD created_by INTEGER REFERENCES auth_user (id) ON DELETE CASCADE  ;
timestamp: 2017-03-02T20:45:22.000287
ALTER TABLE auth_user ADD created_on TIMESTAMP;
timestamp: 2017-03-02T20:45:22.075987
ALTER TABLE auth_user ADD modified_on TIMESTAMP;
success!
timestamp: 2017-03-02T20:45:22.146445
ALTER TABLE auth_group ADD modified_by INTEGER REFERENCES auth_user (id) ON DELETE CASCADE  ;
timestamp: 2017-03-02T20:45:22.264272
ALTER TABLE auth_group ADD is_active CHAR(1);
timestamp: 2017-03-02T20:45:22.363870
ALTER TABLE auth_group ADD created_by INTEGER REFERENCES auth_user (id) ON DELETE CASCADE  ;
timestamp: 2017-03-02T20:45:22.430274
ALTER TABLE auth_group ADD created_on TIMESTAMP;
timestamp: 2017-03-02T20:45:22.486176
ALTER TABLE auth_group ADD modified_on TIMESTAMP;
success!
timestamp: 2017-03-02T20:45:22.546018
ALTER TABLE auth_membership ADD is_active CHAR(1);
timestamp: 2017-03-02T20:45:22.607210
ALTER TABLE auth_membership ADD created_by INTEGER REFERENCES auth_user (id) ON DELETE CASCADE  ;
timestamp: 2017-03-02T20:45:22.695968
ALTER TABLE auth_membership ADD created_on TIMESTAMP;
timestamp: 2017-03-02T20:45:22.762279
ALTER TABLE auth_membership ADD modified_on TIMESTAMP;
timestamp: 2017-03-02T20:45:22.850753
ALTER TABLE auth_membership ADD modified_by INTEGER REFERENCES auth_user (id) ON DELETE CASCADE  ;
success!
timestamp: 2017-03-02T20:45:22.921216
ALTER TABLE auth_permission ADD modified_by INTEGER REFERENCES auth_user (id) ON DELETE CASCADE  ;
timestamp: 2017-03-02T20:45:23.006420
ALTER TABLE auth_permission ADD is_active CHAR(1);
timestamp: 2017-03-02T20:45:23.072202
ALTER TABLE auth_permission ADD created_by INTEGER REFERENCES auth_user (id) ON DELETE CASCADE  ;
timestamp: 2017-03-02T20:45:23.161312
ALTER TABLE auth_permission ADD created_on TIMESTAMP;
timestamp: 2017-03-02T20:45:23.227835
ALTER TABLE auth_permission ADD modified_on TIMESTAMP;
success!
timestamp: 2017-03-02T20:53:48.614315
ALTER TABLE plano ADD concluido CHAR(512);
success!
