timestamp: 2017-03-17T00:00:30.338100
CREATE TABLE auth_user(
    id INTEGER PRIMARY KEY AUTOINCREMENT,
    first_name CHAR(128),
    last_name CHAR(128),
    email CHAR(512),
    password CHAR(512),
    registration_key CHAR(512),
    reset_password_key CHAR(512),
    registration_id CHAR(512)
);
success!
timestamp: 2017-03-17T00:00:30.424074
CREATE TABLE auth_group(
    id INTEGER PRIMARY KEY AUTOINCREMENT,
    role CHAR(512),
    description TEXT
);
success!
timestamp: 2017-03-17T00:00:30.502572
CREATE TABLE auth_membership(
    id INTEGER PRIMARY KEY AUTOINCREMENT,
    user_id INTEGER REFERENCES auth_user (id) ON DELETE CASCADE  ,
    group_id INTEGER REFERENCES auth_group (id) ON DELETE CASCADE  
);
success!
timestamp: 2017-03-17T00:00:30.603002
CREATE TABLE auth_permission(
    id INTEGER PRIMARY KEY AUTOINCREMENT,
    group_id INTEGER REFERENCES auth_group (id) ON DELETE CASCADE  ,
    name CHAR(512),
    table_name CHAR(512),
    record_id INTEGER
);
success!
timestamp: 2017-03-17T00:00:30.681610
CREATE TABLE auth_event(
    id INTEGER PRIMARY KEY AUTOINCREMENT,
    time_stamp TIMESTAMP,
    client_ip CHAR(512),
    user_id INTEGER REFERENCES auth_user (id) ON DELETE CASCADE  ,
    origin CHAR(512),
    description TEXT
);
success!
timestamp: 2017-03-17T00:00:30.759674
CREATE TABLE auth_cas(
    id INTEGER PRIMARY KEY AUTOINCREMENT,
    user_id INTEGER REFERENCES auth_user (id) ON DELETE CASCADE  ,
    created_on TIMESTAMP,
    service CHAR(512),
    ticket CHAR(512),
    renew CHAR(1)
);
success!
timestamp: 2017-03-17T00:00:30.867881
CREATE TABLE sigla_cidade(
    id INTEGER PRIMARY KEY AUTOINCREMENT,
    sigla CHAR(512)
);
success!
timestamp: 2017-03-17T00:00:53.344019
CREATE TABLE nome_cidade(
    id INTEGER PRIMARY KEY AUTOINCREMENT,
    nome CHAR(512)
);
success!
timestamp: 2017-03-17T00:01:21.465701
CREATE TABLE nome_sigla_cidade(
    id INTEGER PRIMARY KEY AUTOINCREMENT,
    nome_cid CHAR(512),
    sigla_cid CHAR(512)
);
success!
